[10-Sep-2020 18:20:13 UTC] PHP Warning:  mysqli_real_connect(): (HY000/2002): No such file or directory in /Users/lenineto/VVV/www/dev-test/public_html/wp-includes/wp-db.php on line 1635
[10-Sep-2020 18:20:23 UTC] PHP Warning:  mysqli_real_connect(): (HY000/2002): No such file or directory in /Users/lenineto/VVV/www/dev-test/public_html/wp-includes/wp-db.php on line 1635
[10-Sep-2020 18:20:27 UTC] PHP Warning:  mysqli_real_connect(): (HY000/2002): No such file or directory in /Users/lenineto/VVV/www/dev-test/public_html/wp-includes/wp-db.php on line 1635
[10-Sep-2020 18:20:42 UTC] PHP Warning:  mysqli_real_connect(): (HY000/2002): No such file or directory in /Users/lenineto/VVV/www/dev-test/public_html/wp-includes/wp-db.php on line 1635
[10-Sep-2020 18:20:46 UTC] PHP Warning:  mysqli_real_connect(): (HY000/2002): No such file or directory in /Users/lenineto/VVV/www/dev-test/public_html/wp-includes/wp-db.php on line 1635
[11-Sep-2020 16:02:34 UTC] PHP Warning:  mysqli_real_connect(): (HY000/2002): No such file or directory in /Users/lenineto/VVV/www/dev-test/public_html/wp-includes/wp-db.php on line 1635
[12-Sep-2020 12:10:07 UTC] PHP Fatal error:  Uncaught Error: Call to undefined function vip_get_random_posts() in /srv/www/dev-test/public_html/wp-content/themes/vip-he-simple/index.php:27
Stack trace:
#0 /srv/www/dev-test/public_html/wp-includes/template-loader.php(106): include()
#1 /srv/www/dev-test/public_html/wp-blog-header.php(19): require_once('/srv/www/dev-te...')
#2 /srv/www/dev-test/public_html/index.php(17): require('/srv/www/dev-te...')
#3 {main}
  thrown in /srv/www/dev-test/public_html/wp-content/themes/vip-he-simple/index.php on line 27
[12-Sep-2020 12:11:29 UTC] PHP Fatal error:  Uncaught Error: Call to undefined function vip_get_random_posts() in /srv/www/dev-test/public_html/wp-content/themes/vip-he-simple/index.php:27
Stack trace:
#0 /srv/www/dev-test/public_html/wp-includes/template-loader.php(106): include()
#1 /srv/www/dev-test/public_html/wp-blog-header.php(19): require_once('/srv/www/dev-te...')
#2 /srv/www/dev-test/public_html/index.php(17): require('/srv/www/dev-te...')
#3 {main}
  thrown in /srv/www/dev-test/public_html/wp-content/themes/vip-he-simple/index.php on line 27
[12-Sep-2020 12:17:04 UTC] PHP Warning:  require_once(/srv/www/dev-test/public_html/wp-content/themes/vip/plugins/vip-helper.php): failed to open stream: No such file or directory in /srv/www/dev-test/public_html/wp-content/themes/vip-he-simple/functions.php on line 10
[12-Sep-2020 12:17:04 UTC] PHP Stack trace:
[12-Sep-2020 12:17:04 UTC] PHP   1. {main}() /srv/www/dev-test/public_html/index.php:0
[12-Sep-2020 12:17:04 UTC] PHP   2. require() /srv/www/dev-test/public_html/index.php:17
[12-Sep-2020 12:17:04 UTC] PHP   3. require_once() /srv/www/dev-test/public_html/wp-blog-header.php:13
[12-Sep-2020 12:17:04 UTC] PHP   4. require_once() /srv/www/dev-test/public_html/wp-load.php:37
[12-Sep-2020 12:17:04 UTC] PHP   5. require_once() /srv/www/dev-test/public_html/wp-config.php:82
[12-Sep-2020 12:17:04 UTC] PHP   6. include() /srv/www/dev-test/public_html/wp-settings.php:514
[12-Sep-2020 12:17:04 UTC] PHP Fatal error:  require_once(): Failed opening required '/srv/www/dev-test/public_html/wp-content/themes/vip/plugins/vip-helper.php' (include_path='.:/usr/share/php') in /srv/www/dev-test/public_html/wp-content/themes/vip-he-simple/functions.php on line 10
[12-Sep-2020 12:17:04 UTC] PHP Stack trace:
[12-Sep-2020 12:17:04 UTC] PHP   1. {main}() /srv/www/dev-test/public_html/index.php:0
[12-Sep-2020 12:17:04 UTC] PHP   2. require() /srv/www/dev-test/public_html/index.php:17
[12-Sep-2020 12:17:04 UTC] PHP   3. require_once() /srv/www/dev-test/public_html/wp-blog-header.php:13
[12-Sep-2020 12:17:04 UTC] PHP   4. require_once() /srv/www/dev-test/public_html/wp-load.php:37
[12-Sep-2020 12:17:04 UTC] PHP   5. require_once() /srv/www/dev-test/public_html/wp-config.php:82
[12-Sep-2020 12:17:04 UTC] PHP   6. include() /srv/www/dev-test/public_html/wp-settings.php:514
[12-Sep-2020 12:17:32 UTC] PHP Warning:  require_once(/srv/www/dev-test/public_html/wp-content/themes/vip-he-simple/plugins/vip-do-not-include-on-wpcom/wpcom-caching.php): failed to open stream: No such file or directory in /srv/www/dev-test/public_html/wp-content/themes/vip-he-simple/plugins/vip-helper.php on line 11
[12-Sep-2020 12:17:32 UTC] PHP Stack trace:
[12-Sep-2020 12:17:32 UTC] PHP   1. {main}() /srv/www/dev-test/public_html/index.php:0
[12-Sep-2020 12:17:32 UTC] PHP   2. require() /srv/www/dev-test/public_html/index.php:17
[12-Sep-2020 12:17:32 UTC] PHP   3. require_once() /srv/www/dev-test/public_html/wp-blog-header.php:13
[12-Sep-2020 12:17:32 UTC] PHP   4. require_once() /srv/www/dev-test/public_html/wp-load.php:37
[12-Sep-2020 12:17:32 UTC] PHP   5. require_once() /srv/www/dev-test/public_html/wp-config.php:82
[12-Sep-2020 12:17:32 UTC] PHP   6. include() /srv/www/dev-test/public_html/wp-settings.php:514
[12-Sep-2020 12:17:32 UTC] PHP   7. require_once() /srv/www/dev-test/public_html/wp-content/themes/vip-he-simple/functions.php:10
[12-Sep-2020 12:17:32 UTC] PHP Fatal error:  require_once(): Failed opening required '/srv/www/dev-test/public_html/wp-content/themes/vip-he-simple/plugins/vip-do-not-include-on-wpcom/wpcom-caching.php' (include_path='.:/usr/share/php') in /srv/www/dev-test/public_html/wp-content/themes/vip-he-simple/plugins/vip-helper.php on line 11
[12-Sep-2020 12:17:32 UTC] PHP Stack trace:
[12-Sep-2020 12:17:32 UTC] PHP   1. {main}() /srv/www/dev-test/public_html/index.php:0
[12-Sep-2020 12:17:32 UTC] PHP   2. require() /srv/www/dev-test/public_html/index.php:17
[12-Sep-2020 12:17:32 UTC] PHP   3. require_once() /srv/www/dev-test/public_html/wp-blog-header.php:13
[12-Sep-2020 12:17:32 UTC] PHP   4. require_once() /srv/www/dev-test/public_html/wp-load.php:37
[12-Sep-2020 12:17:32 UTC] PHP   5. require_once() /srv/www/dev-test/public_html/wp-config.php:82
[12-Sep-2020 12:17:32 UTC] PHP   6. include() /srv/www/dev-test/public_html/wp-settings.php:514
[12-Sep-2020 12:17:32 UTC] PHP   7. require_once() /srv/www/dev-test/public_html/wp-content/themes/vip-he-simple/functions.php:10
[12-Sep-2020 12:17:34 UTC] PHP Warning:  require_once(/srv/www/dev-test/public_html/wp-content/themes/vip-he-simple/plugins/vip-do-not-include-on-wpcom/wpcom-caching.php): failed to open stream: No such file or directory in /srv/www/dev-test/public_html/wp-content/themes/vip-he-simple/plugins/vip-helper.php on line 11
[12-Sep-2020 12:17:34 UTC] PHP Stack trace:
[12-Sep-2020 12:17:34 UTC] PHP   1. {main}() /srv/www/dev-test/public_html/index.php:0
[12-Sep-2020 12:17:34 UTC] PHP   2. require() /srv/www/dev-test/public_html/index.php:17
[12-Sep-2020 12:17:34 UTC] PHP   3. require_once() /srv/www/dev-test/public_html/wp-blog-header.php:13
[12-Sep-2020 12:17:34 UTC] PHP   4. require_once() /srv/www/dev-test/public_html/wp-load.php:37
[12-Sep-2020 12:17:34 UTC] PHP   5. require_once() /srv/www/dev-test/public_html/wp-config.php:82
[12-Sep-2020 12:17:34 UTC] PHP   6. include() /srv/www/dev-test/public_html/wp-settings.php:514
[12-Sep-2020 12:17:34 UTC] PHP   7. require_once() /srv/www/dev-test/public_html/wp-content/themes/vip-he-simple/functions.php:10
[12-Sep-2020 12:17:34 UTC] PHP Fatal error:  require_once(): Failed opening required '/srv/www/dev-test/public_html/wp-content/themes/vip-he-simple/plugins/vip-do-not-include-on-wpcom/wpcom-caching.php' (include_path='.:/usr/share/php') in /srv/www/dev-test/public_html/wp-content/themes/vip-he-simple/plugins/vip-helper.php on line 11
[12-Sep-2020 12:17:34 UTC] PHP Stack trace:
[12-Sep-2020 12:17:34 UTC] PHP   1. {main}() /srv/www/dev-test/public_html/index.php:0
[12-Sep-2020 12:17:34 UTC] PHP   2. require() /srv/www/dev-test/public_html/index.php:17
[12-Sep-2020 12:17:34 UTC] PHP   3. require_once() /srv/www/dev-test/public_html/wp-blog-header.php:13
[12-Sep-2020 12:17:34 UTC] PHP   4. require_once() /srv/www/dev-test/public_html/wp-load.php:37
[12-Sep-2020 12:17:34 UTC] PHP   5. require_once() /srv/www/dev-test/public_html/wp-config.php:82
[12-Sep-2020 12:17:34 UTC] PHP   6. include() /srv/www/dev-test/public_html/wp-settings.php:514
[12-Sep-2020 12:17:34 UTC] PHP   7. require_once() /srv/www/dev-test/public_html/wp-content/themes/vip-he-simple/functions.php:10
[12-Sep-2020 12:17:45 UTC] PHP Warning:  require_once(/srv/www/dev-test/public_html/wp-content/themes/vip-he-simple/plugins/vip-do-not-include-on-wpcom/wpcom-caching.php): failed to open stream: No such file or directory in /srv/www/dev-test/public_html/wp-content/themes/vip-he-simple/plugins/vip-helper.php on line 11
[12-Sep-2020 12:17:45 UTC] PHP Stack trace:
[12-Sep-2020 12:17:45 UTC] PHP   1. {main}() /srv/www/dev-test/public_html/index.php:0
[12-Sep-2020 12:17:45 UTC] PHP   2. require() /srv/www/dev-test/public_html/index.php:17
[12-Sep-2020 12:17:45 UTC] PHP   3. require_once() /srv/www/dev-test/public_html/wp-blog-header.php:13
[12-Sep-2020 12:17:45 UTC] PHP   4. require_once() /srv/www/dev-test/public_html/wp-load.php:37
[12-Sep-2020 12:17:45 UTC] PHP   5. require_once() /srv/www/dev-test/public_html/wp-config.php:82
[12-Sep-2020 12:17:45 UTC] PHP   6. include() /srv/www/dev-test/public_html/wp-settings.php:514
[12-Sep-2020 12:17:45 UTC] PHP   7. require_once() /srv/www/dev-test/public_html/wp-content/themes/vip-he-simple/functions.php:10
[12-Sep-2020 12:17:45 UTC] PHP Fatal error:  require_once(): Failed opening required '/srv/www/dev-test/public_html/wp-content/themes/vip-he-simple/plugins/vip-do-not-include-on-wpcom/wpcom-caching.php' (include_path='.:/usr/share/php') in /srv/www/dev-test/public_html/wp-content/themes/vip-he-simple/plugins/vip-helper.php on line 11
[12-Sep-2020 12:17:45 UTC] PHP Stack trace:
[12-Sep-2020 12:17:45 UTC] PHP   1. {main}() /srv/www/dev-test/public_html/index.php:0
[12-Sep-2020 12:17:45 UTC] PHP   2. require() /srv/www/dev-test/public_html/index.php:17
[12-Sep-2020 12:17:45 UTC] PHP   3. require_once() /srv/www/dev-test/public_html/wp-blog-header.php:13
[12-Sep-2020 12:17:45 UTC] PHP   4. require_once() /srv/www/dev-test/public_html/wp-load.php:37
[12-Sep-2020 12:17:45 UTC] PHP   5. require_once() /srv/www/dev-test/public_html/wp-config.php:82
[12-Sep-2020 12:17:45 UTC] PHP   6. include() /srv/www/dev-test/public_html/wp-settings.php:514
[12-Sep-2020 12:17:45 UTC] PHP   7. require_once() /srv/www/dev-test/public_html/wp-content/themes/vip-he-simple/functions.php:10
[12-Sep-2020 12:20:05 UTC] PHP Warning:  require_once(/srv/www/dev-test/public_html/wp-content/themes/vip-he-simple/plugins/vip-do-not-include-on-wpcom/wpcom-caching.php): failed to open stream: No such file or directory in /srv/www/dev-test/public_html/wp-content/themes/vip-he-simple/plugins/vip-helper.php on line 11
[12-Sep-2020 12:20:05 UTC] PHP Stack trace:
[12-Sep-2020 12:20:05 UTC] PHP   1. {main}() /srv/www/dev-test/public_html/wp-admin/admin-ajax.php:0
[12-Sep-2020 12:20:05 UTC] PHP   2. require_once() /srv/www/dev-test/public_html/wp-admin/admin-ajax.php:22
[12-Sep-2020 12:20:05 UTC] PHP   3. require_once() /srv/www/dev-test/public_html/wp-load.php:37
[12-Sep-2020 12:20:05 UTC] PHP   4. require_once() /srv/www/dev-test/public_html/wp-config.php:82
[12-Sep-2020 12:20:05 UTC] PHP   5. include() /srv/www/dev-test/public_html/wp-settings.php:514
[12-Sep-2020 12:20:05 UTC] PHP   6. require_once() /srv/www/dev-test/public_html/wp-content/themes/vip-he-simple/functions.php:10
[12-Sep-2020 12:20:05 UTC] PHP Fatal error:  require_once(): Failed opening required '/srv/www/dev-test/public_html/wp-content/themes/vip-he-simple/plugins/vip-do-not-include-on-wpcom/wpcom-caching.php' (include_path='.:/usr/share/php') in /srv/www/dev-test/public_html/wp-content/themes/vip-he-simple/plugins/vip-helper.php on line 11
[12-Sep-2020 12:20:05 UTC] PHP Stack trace:
[12-Sep-2020 12:20:05 UTC] PHP   1. {main}() /srv/www/dev-test/public_html/wp-admin/admin-ajax.php:0
[12-Sep-2020 12:20:05 UTC] PHP   2. require_once() /srv/www/dev-test/public_html/wp-admin/admin-ajax.php:22
[12-Sep-2020 12:20:05 UTC] PHP   3. require_once() /srv/www/dev-test/public_html/wp-load.php:37
[12-Sep-2020 12:20:05 UTC] PHP   4. require_once() /srv/www/dev-test/public_html/wp-config.php:82
[12-Sep-2020 12:20:05 UTC] PHP   5. include() /srv/www/dev-test/public_html/wp-settings.php:514
[12-Sep-2020 12:20:05 UTC] PHP   6. require_once() /srv/www/dev-test/public_html/wp-content/themes/vip-he-simple/functions.php:10
[12-Sep-2020 12:21:05 UTC] PHP Warning:  require_once(/srv/www/dev-test/public_html/wp-content/themes/vip-he-simple/plugins/vip-do-not-include-on-wpcom/wpcom-caching.php): failed to open stream: No such file or directory in /srv/www/dev-test/public_html/wp-content/themes/vip-he-simple/plugins/vip-helper.php on line 11
[12-Sep-2020 12:21:05 UTC] PHP Stack trace:
[12-Sep-2020 12:21:05 UTC] PHP   1. {main}() /srv/www/dev-test/public_html/wp-admin/admin-ajax.php:0
[12-Sep-2020 12:21:05 UTC] PHP   2. require_once() /srv/www/dev-test/public_html/wp-admin/admin-ajax.php:22
[12-Sep-2020 12:21:05 UTC] PHP   3. require_once() /srv/www/dev-test/public_html/wp-load.php:37
[12-Sep-2020 12:21:05 UTC] PHP   4. require_once() /srv/www/dev-test/public_html/wp-config.php:82
[12-Sep-2020 12:21:05 UTC] PHP   5. include() /srv/www/dev-test/public_html/wp-settings.php:514
[12-Sep-2020 12:21:05 UTC] PHP   6. require_once() /srv/www/dev-test/public_html/wp-content/themes/vip-he-simple/functions.php:10
[12-Sep-2020 12:21:05 UTC] PHP Fatal error:  require_once(): Failed opening required '/srv/www/dev-test/public_html/wp-content/themes/vip-he-simple/plugins/vip-do-not-include-on-wpcom/wpcom-caching.php' (include_path='.:/usr/share/php') in /srv/www/dev-test/public_html/wp-content/themes/vip-he-simple/plugins/vip-helper.php on line 11
[12-Sep-2020 12:21:05 UTC] PHP Stack trace:
[12-Sep-2020 12:21:05 UTC] PHP   1. {main}() /srv/www/dev-test/public_html/wp-admin/admin-ajax.php:0
[12-Sep-2020 12:21:05 UTC] PHP   2. require_once() /srv/www/dev-test/public_html/wp-admin/admin-ajax.php:22
[12-Sep-2020 12:21:05 UTC] PHP   3. require_once() /srv/www/dev-test/public_html/wp-load.php:37
[12-Sep-2020 12:21:05 UTC] PHP   4. require_once() /srv/www/dev-test/public_html/wp-config.php:82
[12-Sep-2020 12:21:05 UTC] PHP   5. include() /srv/www/dev-test/public_html/wp-settings.php:514
[12-Sep-2020 12:21:05 UTC] PHP   6. require_once() /srv/www/dev-test/public_html/wp-content/themes/vip-he-simple/functions.php:10
[12-Sep-2020 12:25:13 UTC] PHP Fatal error:  Uncaught Error: Call to a member function have_posts() on array in /srv/www/dev-test/public_html/wp-content/themes/vip-he-simple/index.php:35
Stack trace:
#0 /srv/www/dev-test/public_html/wp-includes/template-loader.php(106): include()
#1 /srv/www/dev-test/public_html/wp-blog-header.php(19): require_once('/srv/www/dev-te...')
#2 /srv/www/dev-test/public_html/index.php(17): require('/srv/www/dev-te...')
#3 {main}
  thrown in /srv/www/dev-test/public_html/wp-content/themes/vip-he-simple/index.php on line 35
[12-Sep-2020 12:28:54 UTC] PHP Parse error:  syntax error, unexpected '}' in /srv/www/dev-test/public_html/wp-content/themes/vip-he-simple/index.php on line 46
[12-Sep-2020 12:35:55 UTC] PHP Notice:  Undefined variable: the_query in /srv/www/dev-test/public_html/wp-content/themes/vip-he-simple/index.php on line 44
[12-Sep-2020 12:35:55 UTC] PHP Stack trace:
[12-Sep-2020 12:35:55 UTC] PHP   1. {main}() /srv/www/dev-test/public_html/index.php:0
[12-Sep-2020 12:35:55 UTC] PHP   2. require() /srv/www/dev-test/public_html/index.php:17
[12-Sep-2020 12:35:55 UTC] PHP   3. require_once() /srv/www/dev-test/public_html/wp-blog-header.php:19
[12-Sep-2020 12:35:55 UTC] PHP   4. include() /srv/www/dev-test/public_html/wp-includes/template-loader.php:106
[12-Sep-2020 12:35:55 UTC] PHP Fatal error:  Uncaught Error: Call to a member function have_posts() on null in /srv/www/dev-test/public_html/wp-content/themes/vip-he-simple/index.php:44
Stack trace:
#0 /srv/www/dev-test/public_html/wp-includes/template-loader.php(106): include()
#1 /srv/www/dev-test/public_html/wp-blog-header.php(19): require_once('/srv/www/dev-te...')
#2 /srv/www/dev-test/public_html/index.php(17): require('/srv/www/dev-te...')
#3 {main}
  thrown in /srv/www/dev-test/public_html/wp-content/themes/vip-he-simple/index.php on line 44
[12-Sep-2020 12:41:12 UTC] PHP Fatal error:  Uncaught Error: Call to undefined method WP_Post::post_title() in /srv/www/dev-test/public_html/wp-content/themes/vip-he-simple/index.php:39
Stack trace:
#0 /srv/www/dev-test/public_html/wp-includes/template-loader.php(106): include()
#1 /srv/www/dev-test/public_html/wp-blog-header.php(19): require_once('/srv/www/dev-te...')
#2 /srv/www/dev-test/public_html/index.php(17): require('/srv/www/dev-te...')
#3 {main}
  thrown in /srv/www/dev-test/public_html/wp-content/themes/vip-he-simple/index.php on line 39
[14-Sep-2020 18:58:28 UTC] PHP Warning:  vip_safe_wp_remote_get: Blog ID 1: Fetching http://www.yahoo.commm/ with a timeout of 1 failed. Result: O:8:"WP_Error":2:{s:6:"errors";a:1:{s:19:"http_request_failed";a:1:{i:0;s:53:"cURL error 6: Could not resolve host: www.yahoo.commm";}}s:10:"error_data";a:0:{}} in /srv/www/dev-test/public_html/wp-content/themes/vip-he-simple/plugins/vip-helper.php on line 638
[14-Sep-2020 18:58:28 UTC] PHP Warning:  vip_safe_wp_remote_get: Blog ID 1: Fetching http://www.yahoo.commm/ with a timeout of 1 failed. Result: O:8:"WP_Error":2:{s:6:"errors";a:1:{s:19:"http_request_failed";a:1:{i:0;s:53:"cURL error 6: Could not resolve host: www.yahoo.commm";}}s:10:"error_data";a:0:{}} in /srv/www/dev-test/public_html/wp-content/themes/vip-he-simple/plugins/vip-helper.php on line 638
[14-Sep-2020 18:58:51 UTC] PHP Warning:  vip_safe_wp_remote_get: Blog ID 1: Fetching http://www.yahoo.commm/ with a timeout of 1 failed. Result: O:8:"WP_Error":2:{s:6:"errors";a:1:{s:19:"http_request_failed";a:1:{i:0;s:53:"cURL error 6: Could not resolve host: www.yahoo.commm";}}s:10:"error_data";a:0:{}} in /srv/www/dev-test/public_html/wp-content/themes/vip-he-simple/plugins/vip-helper.php on line 638
[14-Sep-2020 18:58:51 UTC] PHP Fatal error:  Uncaught Error: Cannot use object of type WP_Error as array in /srv/www/dev-test/public_html/wp-content/themes/vip-he-simple/index.php:59
Stack trace:
#0 /srv/www/dev-test/public_html/wp-includes/template-loader.php(106): include()
#1 /srv/www/dev-test/public_html/wp-blog-header.php(19): require_once('/srv/www/dev-te...')
#2 /srv/www/dev-test/public_html/index.php(17): require('/srv/www/dev-te...')
#3 {main}
  thrown in /srv/www/dev-test/public_html/wp-content/themes/vip-he-simple/index.php on line 59
[14-Sep-2020 19:00:36 UTC] PHP Warning:  vip_safe_wp_remote_get: Blog ID 1: Fetching http://www.yahoo.commm/ with a timeout of 1 failed. Result: O:8:"WP_Error":2:{s:6:"errors";a:1:{s:19:"http_request_failed";a:1:{i:0;s:53:"cURL error 6: Could not resolve host: www.yahoo.commm";}}s:10:"error_data";a:0:{}} in /srv/www/dev-test/public_html/wp-content/themes/vip-he-simple/plugins/vip-helper.php on line 638
[14-Sep-2020 19:00:36 UTC] PHP Fatal error:  Uncaught Error: Cannot use object of type WP_Error as array in /srv/www/dev-test/public_html/wp-content/themes/vip-he-simple/index.php:59
Stack trace:
#0 /srv/www/dev-test/public_html/wp-includes/template-loader.php(106): include()
#1 /srv/www/dev-test/public_html/wp-blog-header.php(19): require_once('/srv/www/dev-te...')
#2 /srv/www/dev-test/public_html/index.php(17): require('/srv/www/dev-te...')
#3 {main}
  thrown in /srv/www/dev-test/public_html/wp-content/themes/vip-he-simple/index.php on line 59
[14-Sep-2020 19:00:43 UTC] PHP Warning:  vip_safe_wp_remote_get: Blog ID 1: Fetching http://www.yahoo.commm/ with a timeout of 1 failed. Result: O:8:"WP_Error":2:{s:6:"errors";a:1:{s:19:"http_request_failed";a:1:{i:0;s:58:"cURL error 28: Resolving timed out after 1511 milliseconds";}}s:10:"error_data";a:0:{}} in /srv/www/dev-test/public_html/wp-content/themes/vip-he-simple/plugins/vip-helper.php on line 638
[14-Sep-2020 19:00:43 UTC] PHP Warning:  vip_safe_wp_remote_get: Blog ID 1: Fetching http://www.yahoo.commm/ with a timeout of 1 failed. Result: O:8:"WP_Error":2:{s:6:"errors";a:1:{s:19:"http_request_failed";a:1:{i:0;s:53:"cURL error 6: Could not resolve host: www.yahoo.commm";}}s:10:"error_data";a:0:{}} in /srv/www/dev-test/public_html/wp-content/themes/vip-he-simple/plugins/vip-helper.php on line 638
[14-Sep-2020 19:00:43 UTC] PHP Fatal error:  Uncaught Error: Cannot use object of type WP_Error as array in /srv/www/dev-test/public_html/wp-content/themes/vip-he-simple/index.php:59
Stack trace:
#0 /srv/www/dev-test/public_html/wp-includes/template-loader.php(106): include()
#1 /srv/www/dev-test/public_html/wp-blog-header.php(19): require_once('/srv/www/dev-te...')
#2 /srv/www/dev-test/public_html/index.php(17): require('/srv/www/dev-te...')
#3 {main}
  thrown in /srv/www/dev-test/public_html/wp-content/themes/vip-he-simple/index.php on line 59
[14-Sep-2020 19:02:25 UTC] PHP Warning:  vip_safe_wp_remote_get: Blog ID 1: Fetching http://www.yahoo.commm/ with a timeout of 1 failed. Result: O:8:"WP_Error":2:{s:6:"errors";a:1:{s:19:"http_request_failed";a:1:{i:0;s:53:"cURL error 6: Could not resolve host: www.yahoo.commm";}}s:10:"error_data";a:0:{}} in /srv/www/dev-test/public_html/wp-content/themes/vip-he-simple/plugins/vip-helper.php on line 638
[14-Sep-2020 19:02:25 UTC] PHP Warning:  Illegal string offset 'body' in /srv/www/dev-test/public_html/wp-content/themes/vip-he-simple/index.php on line 59
[14-Sep-2020 19:03:56 UTC] PHP Warning:  vip_safe_wp_remote_get: Blog ID 1: Fetching http://www.yahoo.commm/ with a timeout of 1 failed. Result: O:8:"WP_Error":2:{s:6:"errors";a:1:{s:19:"http_request_failed";a:1:{i:0;s:53:"cURL error 6: Could not resolve host: www.yahoo.commm";}}s:10:"error_data";a:0:{}} in /srv/www/dev-test/public_html/wp-content/themes/vip-he-simple/plugins/vip-helper.php on line 638
[14-Sep-2020 19:03:56 UTC] PHP Warning:  Illegal string offset 'body' in /srv/www/dev-test/public_html/wp-content/themes/vip-he-simple/index.php on line 59
[14-Sep-2020 19:07:39 UTC] PHP Fatal error:  Uncaught ArgumentCountError: Too few arguments to function wp_kses(), 1 passed in /srv/www/dev-test/public_html/wp-content/themes/vip-he-simple/index.php on line 59 and at least 2 expected in /srv/www/dev-test/public_html/wp-includes/kses.php:746
Stack trace:
#0 /srv/www/dev-test/public_html/wp-content/themes/vip-he-simple/index.php(59): wp_kses('<!DOCTYPE html>...')
#1 /srv/www/dev-test/public_html/wp-includes/template-loader.php(106): include('/srv/www/dev-te...')
#2 /srv/www/dev-test/public_html/wp-blog-header.php(19): require_once('/srv/www/dev-te...')
#3 /srv/www/dev-test/public_html/index.php(17): require('/srv/www/dev-te...')
#4 {main}
  thrown in /srv/www/dev-test/public_html/wp-includes/kses.php on line 746
[14-Sep-2020 19:08:53 UTC] PHP Notice:  Array to string conversion in /srv/www/dev-test/public_html/wp-content/themes/vip-he-simple/index.php on line 59
[14-Sep-2020 19:08:56 UTC] PHP Notice:  Array to string conversion in /srv/www/dev-test/public_html/wp-content/themes/vip-he-simple/index.php on line 59
[14-Sep-2020 19:10:21 UTC] PHP Warning:  vip_safe_wp_remote_get: Blog ID 1: Fetching http://www.yahoo.commm/ with a timeout of 1 failed. Result: O:8:"WP_Error":2:{s:6:"errors";a:1:{s:19:"http_request_failed";a:1:{i:0;s:53:"cURL error 6: Could not resolve host: www.yahoo.commm";}}s:10:"error_data";a:0:{}} in /srv/www/dev-test/public_html/wp-content/themes/vip-he-simple/plugins/vip-helper.php on line 638
[14-Sep-2020 19:10:21 UTC] PHP Warning:  Illegal string offset 'body' in /srv/www/dev-test/public_html/wp-content/themes/vip-he-simple/index.php on line 59
[14-Sep-2020 19:12:28 UTC] PHP Warning:  vip_safe_wp_remote_get: Blog ID 1: Fetching http://www.yahoo.commm/ with a timeout of 1 failed. Result: O:8:"WP_Error":2:{s:6:"errors";a:1:{s:19:"http_request_failed";a:1:{i:0;s:53:"cURL error 6: Could not resolve host: www.yahoo.commm";}}s:10:"error_data";a:0:{}} in /srv/www/dev-test/public_html/wp-content/themes/vip-he-simple/plugins/vip-helper.php on line 638
[15-Sep-2020 17:18:16 UTC] PHP Warning:  vip_safe_wp_remote_get: Blog ID 1: Fetching http://www.yahoo.commm/ with a timeout of 1 failed. Result: O:8:"WP_Error":2:{s:6:"errors";a:1:{s:19:"http_request_failed";a:1:{i:0;s:53:"cURL error 6: Could not resolve host: www.yahoo.commm";}}s:10:"error_data";a:0:{}} in /srv/www/dev-test/public_html/wp-content/themes/vip-he-simple/plugins/vip-helper.php on line 638
[15-Sep-2020 17:18:16 UTC] PHP Warning:  vip_safe_wp_remote_get: Blog ID 1: Fetching http://www.yahoo.commm/ with a timeout of 1 failed. Result: O:8:"WP_Error":2:{s:6:"errors";a:1:{s:19:"http_request_failed";a:1:{i:0;s:53:"cURL error 6: Could not resolve host: www.yahoo.commm";}}s:10:"error_data";a:0:{}} in /srv/www/dev-test/public_html/wp-content/themes/vip-he-simple/plugins/vip-helper.php on line 638
[15-Sep-2020 19:23:50 UTC] PHP Warning:  vip_safe_wp_remote_get: Blog ID 1: Fetching http://www.yahoo.commm/ with a timeout of 1 failed. Result: O:8:"WP_Error":2:{s:6:"errors";a:1:{s:19:"http_request_failed";a:1:{i:0;s:53:"cURL error 6: Could not resolve host: www.yahoo.commm";}}s:10:"error_data";a:0:{}} in /srv/www/dev-test/public_html/wp-content/themes/vip-he-simple/plugins/vip-helper.php on line 638
[16-Sep-2020 19:19:48 UTC] PHP Warning:  vip_safe_wp_remote_get: Blog ID 1: Fetching http://www.yahoo.commm/ with a timeout of 1 failed. Result: O:8:"WP_Error":2:{s:6:"errors";a:1:{s:19:"http_request_failed";a:1:{i:0;s:53:"cURL error 6: Could not resolve host: www.yahoo.commm";}}s:10:"error_data";a:0:{}} in /srv/www/dev-test/public_html/wp-content/themes/vip-he-simple/plugins/vip-helper.php on line 638
[16-Sep-2020 19:19:48 UTC] PHP Warning:  vip_safe_wp_remote_get: Blog ID 1: Fetching http://www.yahoo.commm/ with a timeout of 1 failed. Result: O:8:"WP_Error":2:{s:6:"errors";a:1:{s:19:"http_request_failed";a:1:{i:0;s:53:"cURL error 6: Could not resolve host: www.yahoo.commm";}}s:10:"error_data";a:0:{}} in /srv/www/dev-test/public_html/wp-content/themes/vip-he-simple/plugins/vip-helper.php on line 638
